{
  "active_union_cap": 192,
  "active_union_layer_caps": [],
  "aggregation": "mean",
  "batch_size": 32,
  "calibration_tokens": 8192,
  "candidate_m": 192,
  "checkpoint": "runs/blackwell_20260519_190504/repro_old_synthetic_d256_h2048_ffng64/checkpoints/dense_step400.pt",
  "cluster_iters": 4,
  "clusters": 16,
  "device": "cuda",
  "eval_batches": 32,
  "eval_steps": [
    0,
    50,
    100,
    200,
    300
  ],
  "eval_tokens": 65536,
  "lr": 0.0001,
  "mode": "static_cluster_pool_continuation",
  "rank": 64,
  "rows": [
    {
      "eval_curve": [
        {
          "nll_per_token": 7.726616084575653,
          "step": 0.0
        },
        {
          "nll_per_token": 7.646003648638725,
          "step": 50.0
        },
        {
          "nll_per_token": 7.644355818629265,
          "step": 100.0
        },
        {
          "nll_per_token": 7.648215562105179,
          "step": 200.0
        },
        {
          "nll_per_token": 7.6448797434568405,
          "step": 300.0
        }
      ],
      "final_nll_per_token": 7.6448797434568405,
      "first_train_nll": 7.6532087326049805,
      "initial_nll_per_token": 7.726616084575653,
      "last_train_nll": 7.641533374786377,
      "mean_train_nll": 7.599311319986979,
      "nll_delta": -0.08173634111881256,
      "optimizer_state_loaded": true,
      "refresh_events": [],
      "steps": 300,
      "tokens_per_second": 212179.9270074754,
      "tokens_trained": 614400,
      "train_seconds": 2.8956556289999753,
      "variant": "dense_continuation"
    },
    {
      "active_union_cap": 192,
      "active_union_layer_caps": [],
      "eval_curve": [
        {
          "gap_vs_dense": 0.12760968506336212,
          "nll_per_token": 7.854225769639015,
          "step": 0.0
        },
        {
          "gap_vs_dense": 0.0022998303174972534,
          "nll_per_token": 7.6483034789562225,
          "step": 50.0
        },
        {
          "gap_vs_dense": -0.0007410645484924316,
          "nll_per_token": 7.643614754080772,
          "step": 100.0
        },
        {
          "gap_vs_dense": -0.006543591618537903,
          "nll_per_token": 7.641671970486641,
          "step": 200.0
        },
        {
          "gap_vs_dense": -0.005169898271560669,
          "nll_per_token": 7.63970984518528,
          "step": 300.0
        }
      ],
      "final_coverage": {
        "mean": {
          "coverage_fraction": 0.09375,
          "unique_selected_neurons": 192.0
        },
        "rows": [
          {
            "coverage_fraction": 0.09375,
            "layer": 0.0,
            "unique_selected_neurons": 192.0
          },
          {
            "coverage_fraction": 0.09375,
            "layer": 1.0,
            "unique_selected_neurons": 192.0
          },
          {
            "coverage_fraction": 0.09375,
            "layer": 2.0,
            "unique_selected_neurons": 192.0
          },
          {
            "coverage_fraction": 0.09375,
            "layer": 3.0,
            "unique_selected_neurons": 192.0
          },
          {
            "coverage_fraction": 0.09375,
            "layer": 4.0,
            "unique_selected_neurons": 192.0
          },
          {
            "coverage_fraction": 0.09375,
            "layer": 5.0,
            "unique_selected_neurons": 192.0
          }
        ]
      },
      "final_gap_vs_dense": -0.005169898271560669,
      "final_grad_row_metrics": {},
      "final_gradient_alignment": {},
      "final_nll_per_token": 7.63970984518528,
      "first_train_nll": 7.914092063903809,
      "initial_calibration_avg_cluster_imbalance": 1.8697916666666667,
      "initial_calibration_avg_nonempty_clusters": 16.0,
      "initial_coverage": {
        "mean": {
          "coverage_fraction": 0.09375,
          "unique_selected_neurons": 192.0
        },
        "rows": [
          {
            "coverage_fraction": 0.09375,
            "layer": 0.0,
            "unique_selected_neurons": 192.0
          },
          {
            "coverage_fraction": 0.09375,
            "layer": 1.0,
            "unique_selected_neurons": 192.0
          },
          {
            "coverage_fraction": 0.09375,
            "layer": 2.0,
            "unique_selected_neurons": 192.0
          },
          {
            "coverage_fraction": 0.09375,
            "layer": 3.0,
            "unique_selected_neurons": 192.0
          },
          {
            "coverage_fraction": 0.09375,
            "layer": 4.0,
            "unique_selected_neurons": 192.0
          },
          {
            "coverage_fraction": 0.09375,
            "layer": 5.0,
            "unique_selected_neurons": 192.0
          }
        ]
      },
      "initial_gap_vs_dense": 0.12760968506336212,
      "initial_gradient_alignment": {},
      "initial_nll_per_token": 7.854225769639015,
      "last_train_nll": 7.638434410095215,
      "mean_train_nll": 7.636284392674764,
      "nll_delta": -0.21451592445373535,
      "optimizer_state_loaded": false,
      "refresh_events": [],
      "refresh_interval": 0,
      "sparse_ffn_kind": "active_union_packed",
      "steps": 300,
      "tokens_per_second": 284927.1850978787,
      "tokens_trained": 614400,
      "train_seconds": 2.156340399000328,
      "variant": "active_union_packed"
    }
  ],
  "score_mode": "sum",
  "seq_len": 64,
  "sparse_ffn_kind": "active_union_packed",
  "steps": 300,
  "tokens_per_batch": 2048,
  "weight_decay": 0.0
}
