Warning: You are sending unauthenticated requests to the HF Hub. Please set a HF_TOKEN to enable higher rate limits and faster downloads.
{
  "aggregation": "mean",
  "attention": "dense",
  "calibration_tokens": 8192,
  "candidate_m": 512,
  "checkpoint": "runs/blackwell_20260519_190504/checkpoints/dense_d512_h4096_l6_step1000.pt",
  "cluster_iters": 4,
  "clusters": 16,
  "eval_batches": 32,
  "eval_tokens": 65536,
  "mode": "static_cluster_pool_union_eval",
  "notes": "global_union uses the unique union of all static cluster-pool candidate ids per layer",
  "rank": 64,
  "reference_k": 64,
  "requested_eval_tokens": 65536,
  "rows": [
    {
      "calibration_avg_cluster_imbalance": 2.4947916666666665,
      "calibration_avg_nonempty_clusters": 16.0,
      "final_hidden_cosine": 1.0,
      "kl_to_dense": 0.0,
      "nll_per_token": 3.0899723023176193,
      "variant": "dense",
      "variant_type": "dense"
    },
    {
      "aggregation": "mean",
      "avg_candidate_size": 512.0,
      "avg_cluster_imbalance": 2.4613444010416665,
      "avg_empty_clusters": 0.0,
      "avg_max_cluster_size": 315.0520833333333,
      "avg_mean_cluster_size": 128.0,
      "avg_min_cluster_size": 33.083333333333336,
      "avg_nonempty_clusters": 16.0,
      "calibration_avg_cluster_imbalance": 2.4947916666666665,
      "calibration_avg_nonempty_clusters": 16.0,
      "calibration_tokens": 8192,
      "candidate_m": 512,
      "candidate_recall": 0.9157014687856039,
      "cluster_count": 16,
      "estimated_cluster_ffn_flop_ratio": 0.125,
      "final_hidden_cosine": 0.9995807111263275,
      "kl_to_dense": 0.39566104486584663,
      "nll_per_token": 3.474501393735409,
      "rank": 64,
      "reference_k": 64,
      "score_mode": "sum",
      "score_retention_vs_reference_topk": 2.012884382158518,
      "variant": "static_cluster",
      "variant_type": "static_svd_cluster_pool"
    },
    {
      "aggregation": "mean",
      "avg_active_fraction": 0.2600504557291667,
      "avg_active_neurons": 1065.1666666666667,
      "calibration_avg_cluster_imbalance": 2.4947916666666665,
      "calibration_avg_nonempty_clusters": 16.0,
      "calibration_tokens": 8192,
      "candidate_m": 512,
      "cluster_count": 16,
      "final_hidden_cosine": 0.9999313987791538,
      "kl_to_dense": 0.06920365081168711,
      "nll_per_token": 3.1693937703967094,
      "rank": 64,
      "reference_k": 64,
      "score_mode": "sum",
      "union_recall": 0.9759624799092611,
      "union_score_ratio_vs_reference_topk": 2.460565979282061,
      "variant": "global_union",
      "variant_type": "static_cluster_union"
    },
    {
      "active_cap": 512,
      "aggregation": "mean",
      "avg_active_fraction": 0.125,
      "avg_active_neurons": 512.0,
      "calibration_avg_cluster_imbalance": 2.4947916666666665,
      "calibration_avg_nonempty_clusters": 16.0,
      "calibration_tokens": 8192,
      "candidate_m": 512,
      "cluster_count": 16,
      "final_hidden_cosine": 0.999183464795351,
      "kl_to_dense": 1.018462311476469,
      "nll_per_token": 4.269687190651894,
      "rank": 64,
      "reference_k": 64,
      "score_mode": "sum",
      "union_recall": 0.8510921001434326,
      "union_score_ratio_vs_reference_topk": 1.9119809390977025,
      "variant": "global_union_cap512",
      "variant_type": "static_cluster_union_capped"
    },
    {
      "active_cap": 768,
      "aggregation": "mean",
      "avg_active_fraction": 0.1552734375,
      "avg_active_neurons": 636.0,
      "calibration_avg_cluster_imbalance": 2.4947916666666665,
      "calibration_avg_nonempty_clusters": 16.0,
      "calibration_tokens": 8192,
      "candidate_m": 512,
      "cluster_count": 16,
      "final_hidden_cosine": 0.9995295684784651,
      "kl_to_dense": 0.6254438273608685,
      "nll_per_token": 3.759136088192463,
      "rank": 64,
      "reference_k": 64,
      "score_mode": "sum",
      "union_recall": 0.8875303268432617,
      "union_score_ratio_vs_reference_topk": 2.064046025276184,
      "variant": "global_union_cap768",
      "variant_type": "static_cluster_union_capped"
    },
    {
      "active_cap": 1024,
      "aggregation": "mean",
      "avg_active_fraction": 0.17610677083333334,
      "avg_active_neurons": 721.3333333333334,
      "calibration_avg_cluster_imbalance": 2.4947916666666665,
      "calibration_avg_nonempty_clusters": 16.0,
      "calibration_tokens": 8192,
      "candidate_m": 512,
      "cluster_count": 16,
      "final_hidden_cosine": 0.9996879920363426,
      "kl_to_dense": 0.38346495386213064,
      "nll_per_token": 3.488645151257515,
      "rank": 64,
      "reference_k": 64,
      "score_mode": "sum",
      "union_recall": 0.9153775374094645,
      "union_score_ratio_vs_reference_topk": 2.1621803821374974,
      "variant": "global_union_cap1024",
      "variant_type": "static_cluster_union_capped"
    },
    {
      "active_cap": 1536,
      "aggregation": "mean",
      "avg_active_fraction": 0.2177734375,
      "avg_active_neurons": 892.0,
      "calibration_avg_cluster_imbalance": 2.4947916666666665,
      "calibration_avg_nonempty_clusters": 16.0,
      "calibration_tokens": 8192,
      "candidate_m": 512,
      "cluster_count": 16,
      "final_hidden_cosine": 0.9998612925410271,
      "kl_to_dense": 0.1582101508975029,
      "nll_per_token": 3.2565956488251686,
      "rank": 64,
      "reference_k": 64,
      "score_mode": "sum",
      "union_recall": 0.9513376951217651,
      "union_score_ratio_vs_reference_topk": 2.3234411564966044,
      "variant": "global_union_cap1536",
      "variant_type": "static_cluster_union_capped"
    },
    {
      "active_cap": 2048,
      "aggregation": "mean",
      "avg_active_fraction": 0.2503255208333333,
      "avg_active_neurons": 1025.3333333333333,
      "calibration_avg_cluster_imbalance": 2.4947916666666665,
      "calibration_avg_nonempty_clusters": 16.0,
      "calibration_tokens": 8192,
      "candidate_m": 512,
      "cluster_count": 16,
      "final_hidden_cosine": 0.9999164212495089,
      "kl_to_dense": 0.0862850861158222,
      "nll_per_token": 3.1860638484358788,
      "rank": 64,
      "reference_k": 64,
      "score_mode": "sum",
      "union_recall": 0.9702093998591105,
      "union_score_ratio_vs_reference_topk": 2.4310502720375857,
      "variant": "global_union_cap2048",
      "variant_type": "static_cluster_union_capped"
    },
    {
      "active_cap": 2560,
      "aggregation": "mean",
      "avg_active_fraction": 0.2600504557291667,
      "avg_active_neurons": 1065.1666666666667,
      "calibration_avg_cluster_imbalance": 2.4947916666666665,
      "calibration_avg_nonempty_clusters": 16.0,
      "calibration_tokens": 8192,
      "candidate_m": 512,
      "cluster_count": 16,
      "final_hidden_cosine": 0.9999313987791538,
      "kl_to_dense": 0.06920365081168711,
      "nll_per_token": 3.1693937703967094,
      "rank": 64,
      "reference_k": 64,
      "score_mode": "sum",
      "union_recall": 0.9759624799092611,
      "union_score_ratio_vs_reference_topk": 2.460565979282061,
      "variant": "global_union_cap2560",
      "variant_type": "static_cluster_union_capped"
    }
  ],
  "score_mode": "sum",
  "temperature": 2.0,
  "union_caps": [
    512,
    768,
    1024,
    1536,
    2048,
    2560
  ],
  "union_layer_caps": []
}
