Warning: You are sending unauthenticated requests to the HF Hub. Please set a HF_TOKEN to enable higher rate limits and faster downloads.
{
  "aggregation": "mean",
  "attention": "dense",
  "calibration_tokens": 8192,
  "candidate_m": 192,
  "checkpoint": "runs/blackwell_20260519_190504/checkpoints/dense_d256_h2048_l6_step300.pt",
  "cluster_iters": 4,
  "clusters": 16,
  "eval_batches": 16,
  "eval_tokens": 65536,
  "mode": "static_cluster_pool_union_eval",
  "notes": "global_union uses the unique union of all static cluster-pool candidate ids per layer",
  "rank": 64,
  "reference_k": 64,
  "requested_eval_tokens": 65536,
  "rows": [
    {
      "calibration_avg_cluster_imbalance": 3.3834635416666665,
      "calibration_avg_nonempty_clusters": 16.0,
      "final_hidden_cosine": 1.0,
      "kl_to_dense": 0.0,
      "nll_per_token": 3.4843534380197525,
      "variant": "dense",
      "variant_type": "dense"
    },
    {
      "aggregation": "mean",
      "avg_candidate_size": 192.0,
      "avg_cluster_imbalance": 3.4349365234375,
      "avg_empty_clusters": 0.0,
      "avg_max_cluster_size": 879.34375,
      "avg_mean_cluster_size": 256.0,
      "avg_min_cluster_size": 38.260416666666664,
      "avg_nonempty_clusters": 16.0,
      "calibration_avg_cluster_imbalance": 3.3834635416666665,
      "calibration_avg_nonempty_clusters": 16.0,
      "calibration_tokens": 8192,
      "candidate_m": 192,
      "candidate_recall": 0.857761820157369,
      "cluster_count": 16,
      "estimated_cluster_ffn_flop_ratio": 0.09375,
      "final_hidden_cosine": 0.99311188980937,
      "kl_to_dense": 1.1215614937245846,
      "nll_per_token": 4.557244777679443,
      "rank": 64,
      "reference_k": 64,
      "score_mode": "sum",
      "score_retention_vs_reference_topk": 1.4311841887732346,
      "variant": "static_cluster",
      "variant_type": "static_svd_cluster_pool"
    },
    {
      "aggregation": "mean",
      "avg_active_fraction": 0.244384765625,
      "avg_active_neurons": 500.5,
      "calibration_avg_cluster_imbalance": 3.3834635416666665,
      "calibration_avg_nonempty_clusters": 16.0,
      "calibration_tokens": 8192,
      "candidate_m": 192,
      "cluster_count": 16,
      "final_hidden_cosine": 0.9981383234262466,
      "kl_to_dense": 0.3474512808024883,
      "nll_per_token": 3.7673263400793076,
      "rank": 64,
      "reference_k": 64,
      "score_mode": "sum",
      "union_recall": 0.9476046164830526,
      "union_score_ratio_vs_reference_topk": 1.9148336549599965,
      "variant": "global_union",
      "variant_type": "static_cluster_union"
    },
    {
      "active_cap": 160,
      "aggregation": "mean",
      "avg_active_fraction": 0.078125,
      "avg_active_neurons": 160.0,
      "calibration_avg_cluster_imbalance": 3.3834635416666665,
      "calibration_avg_nonempty_clusters": 16.0,
      "calibration_tokens": 8192,
      "candidate_m": 192,
      "cluster_count": 16,
      "final_hidden_cosine": 0.9830999858677387,
      "kl_to_dense": 3.0750667601823807,
      "nll_per_token": 6.924145728349686,
      "rank": 64,
      "reference_k": 64,
      "score_mode": "sum",
      "union_recall": 0.765107790629069,
      "union_score_ratio_vs_reference_topk": 1.2370215433960159,
      "variant": "global_union_cap160",
      "variant_type": "static_cluster_union_capped"
    },
    {
      "active_cap": 192,
      "aggregation": "mean",
      "avg_active_fraction": 0.09375,
      "avg_active_neurons": 192.0,
      "calibration_avg_cluster_imbalance": 3.3834635416666665,
      "calibration_avg_nonempty_clusters": 16.0,
      "calibration_tokens": 8192,
      "candidate_m": 192,
      "cluster_count": 16,
      "final_hidden_cosine": 0.9863542132079601,
      "kl_to_dense": 2.4472708702087402,
      "nll_per_token": 6.2717680633068085,
      "rank": 64,
      "reference_k": 64,
      "score_mode": "sum",
      "union_recall": 0.7825448910395304,
      "union_score_ratio_vs_reference_topk": 1.3458591550588608,
      "variant": "global_union_cap192",
      "variant_type": "static_cluster_union_capped"
    },
    {
      "active_cap": 224,
      "aggregation": "mean",
      "avg_active_fraction": 0.10921223958333333,
      "avg_active_neurons": 223.66666666666666,
      "calibration_avg_cluster_imbalance": 3.3834635416666665,
      "calibration_avg_nonempty_clusters": 16.0,
      "calibration_tokens": 8192,
      "candidate_m": 192,
      "cluster_count": 16,
      "final_hidden_cosine": 0.9905015639960766,
      "kl_to_dense": 1.982566460967064,
      "nll_per_token": 5.7938277423381805,
      "rank": 64,
      "reference_k": 64,
      "score_mode": "sum",
      "union_recall": 0.7976396878560384,
      "union_score_ratio_vs_reference_topk": 1.432641404370467,
      "variant": "global_union_cap224",
      "variant_type": "static_cluster_union_capped"
    },
    {
      "active_cap": 256,
      "aggregation": "mean",
      "avg_active_fraction": 0.118896484375,
      "avg_active_neurons": 243.5,
      "calibration_avg_cluster_imbalance": 3.3834635416666665,
      "calibration_avg_nonempty_clusters": 16.0,
      "calibration_tokens": 8192,
      "candidate_m": 192,
      "cluster_count": 16,
      "final_hidden_cosine": 0.991633951663971,
      "kl_to_dense": 1.702908530831337,
      "nll_per_token": 5.4139264523983,
      "rank": 64,
      "reference_k": 64,
      "score_mode": "sum",
      "union_recall": 0.8076891899108887,
      "union_score_ratio_vs_reference_topk": 1.4788425583392382,
      "variant": "global_union_cap256",
      "variant_type": "static_cluster_union_capped"
    },
    {
      "active_cap": 320,
      "aggregation": "mean",
      "avg_active_fraction": 0.134521484375,
      "avg_active_neurons": 275.5,
      "calibration_avg_cluster_imbalance": 3.3834635416666665,
      "calibration_avg_nonempty_clusters": 16.0,
      "calibration_tokens": 8192,
      "candidate_m": 192,
      "cluster_count": 16,
      "final_hidden_cosine": 0.9933379665017128,
      "kl_to_dense": 1.4145337268710136,
      "nll_per_token": 4.952900677919388,
      "rank": 64,
      "reference_k": 64,
      "score_mode": "sum",
      "union_recall": 0.8278026580810547,
      "union_score_ratio_vs_reference_topk": 1.5458924683431785,
      "variant": "global_union_cap320",
      "variant_type": "static_cluster_union_capped"
    },
    {
      "active_cap": 384,
      "aggregation": "mean",
      "avg_active_fraction": 0.14632161458333334,
      "avg_active_neurons": 299.6666666666667,
      "calibration_avg_cluster_imbalance": 3.3834635416666665,
      "calibration_avg_nonempty_clusters": 16.0,
      "calibration_tokens": 8192,
      "candidate_m": 192,
      "cluster_count": 16,
      "final_hidden_cosine": 0.9945014268159866,
      "kl_to_dense": 1.1608945652842522,
      "nll_per_token": 4.629956960678101,
      "rank": 64,
      "reference_k": 64,
      "score_mode": "sum",
      "union_recall": 0.8462230761845907,
      "union_score_ratio_vs_reference_topk": 1.595324082300067,
      "variant": "global_union_cap384",
      "variant_type": "static_cluster_union_capped"
    },
    {
      "active_cap": 512,
      "aggregation": "mean",
      "avg_active_fraction": 0.16715494791666666,
      "avg_active_neurons": 342.3333333333333,
      "calibration_avg_cluster_imbalance": 3.3834635416666665,
      "calibration_avg_nonempty_clusters": 16.0,
      "calibration_tokens": 8192,
      "candidate_m": 192,
      "cluster_count": 16,
      "final_hidden_cosine": 0.9959013424813747,
      "kl_to_dense": 0.8293857164680958,
      "nll_per_token": 4.25706148147583,
      "rank": 64,
      "reference_k": 64,
      "score_mode": "sum",
      "union_recall": 0.8740841150283813,
      "union_score_ratio_vs_reference_topk": 1.6776307225227356,
      "variant": "global_union_cap512",
      "variant_type": "static_cluster_union_capped"
    }
  ],
  "score_mode": "sum",
  "temperature": 2.0,
  "union_caps": [
    160,
    192,
    224,
    256,
    320,
    384,
    512
  ],
  "union_layer_caps": []
}
