Warning: You are sending unauthenticated requests to the HF Hub. Please set a HF_TOKEN to enable higher rate limits and faster downloads.
{
  "aggregation": "mean",
  "attention": "dense",
  "calibration_tokens": 8192,
  "candidate_m": 1024,
  "checkpoint": "runs/blackwell_20260519_190504/checkpoints/dense_d512_h4096_l6_step1000.pt",
  "cluster_iters": 4,
  "clusters": 16,
  "eval_batches": 32,
  "eval_tokens": 65536,
  "mode": "static_cluster_pool_union_eval",
  "notes": "global_union uses the unique union of all static cluster-pool candidate ids per layer",
  "rank": 64,
  "reference_k": 64,
  "requested_eval_tokens": 65536,
  "rows": [
    {
      "calibration_avg_cluster_imbalance": 2.4947916666666665,
      "calibration_avg_nonempty_clusters": 16.0,
      "final_hidden_cosine": 1.0,
      "kl_to_dense": 0.0,
      "nll_per_token": 3.0899723023176193,
      "variant": "dense",
      "variant_type": "dense"
    },
    {
      "aggregation": "mean",
      "avg_candidate_size": 1024.0,
      "avg_cluster_imbalance": 2.4693603515625,
      "avg_empty_clusters": 0.0,
      "avg_max_cluster_size": 316.078125,
      "avg_mean_cluster_size": 128.0,
      "avg_min_cluster_size": 33.979166666666664,
      "avg_nonempty_clusters": 16.0,
      "calibration_avg_cluster_imbalance": 2.4947916666666665,
      "calibration_avg_nonempty_clusters": 16.0,
      "calibration_tokens": 8192,
      "candidate_m": 1024,
      "candidate_recall": 0.9591012001037598,
      "cluster_count": 16,
      "estimated_cluster_ffn_flop_ratio": 0.25,
      "final_hidden_cosine": 0.9998536668717861,
      "kl_to_dense": 0.14951082691550255,
      "nll_per_token": 3.201568514108658,
      "rank": 64,
      "reference_k": 64,
      "score_mode": "sum",
      "score_retention_vs_reference_topk": 2.435882748415073,
      "variant": "static_cluster",
      "variant_type": "static_svd_cluster_pool"
    },
    {
      "aggregation": "mean",
      "avg_active_fraction": 0.4342447916666667,
      "avg_active_neurons": 1778.6666666666667,
      "calibration_avg_cluster_imbalance": 2.4947916666666665,
      "calibration_avg_nonempty_clusters": 16.0,
      "calibration_tokens": 8192,
      "candidate_m": 1024,
      "cluster_count": 16,
      "final_hidden_cosine": 0.9999897237867117,
      "kl_to_dense": 0.009510532749118283,
      "nll_per_token": 3.100739397108555,
      "rank": 64,
      "reference_k": 64,
      "score_mode": "sum",
      "union_recall": 0.9948745965957642,
      "union_score_ratio_vs_reference_topk": 2.873482868075371,
      "variant": "global_union",
      "variant_type": "static_cluster_union"
    },
    {
      "active_cap": 512,
      "aggregation": "mean",
      "avg_active_fraction": 0.125,
      "avg_active_neurons": 512.0,
      "calibration_avg_cluster_imbalance": 2.4947916666666665,
      "calibration_avg_nonempty_clusters": 16.0,
      "calibration_tokens": 8192,
      "candidate_m": 1024,
      "cluster_count": 16,
      "final_hidden_cosine": 0.999082563444972,
      "kl_to_dense": 1.1298068091273308,
      "nll_per_token": 4.437608242034912,
      "rank": 64,
      "reference_k": 64,
      "score_mode": "sum",
      "union_recall": 0.8438438574473063,
      "union_score_ratio_vs_reference_topk": 1.9014171812062461,
      "variant": "global_union_cap512",
      "variant_type": "static_cluster_union_capped"
    },
    {
      "active_cap": 768,
      "aggregation": "mean",
      "avg_active_fraction": 0.1875,
      "avg_active_neurons": 768.0,
      "calibration_avg_cluster_imbalance": 2.4947916666666665,
      "calibration_avg_nonempty_clusters": 16.0,
      "calibration_tokens": 8192,
      "candidate_m": 1024,
      "cluster_count": 16,
      "final_hidden_cosine": 0.9994262214750051,
      "kl_to_dense": 0.7671350073069334,
      "nll_per_token": 3.902940481901169,
      "rank": 64,
      "reference_k": 64,
      "score_mode": "sum",
      "union_recall": 0.8816839059193929,
      "union_score_ratio_vs_reference_topk": 2.1504131394128003,
      "variant": "global_union_cap768",
      "variant_type": "static_cluster_union_capped"
    },
    {
      "active_cap": 1024,
      "aggregation": "mean",
      "avg_active_fraction": 0.25,
      "avg_active_neurons": 1024.0,
      "calibration_avg_cluster_imbalance": 2.4947916666666665,
      "calibration_avg_nonempty_clusters": 16.0,
      "calibration_tokens": 8192,
      "candidate_m": 1024,
      "cluster_count": 16,
      "final_hidden_cosine": 0.9996325839310884,
      "kl_to_dense": 0.5125123364850879,
      "nll_per_token": 3.5609904751181602,
      "rank": 64,
      "reference_k": 64,
      "score_mode": "sum",
      "union_recall": 0.9093152284622192,
      "union_score_ratio_vs_reference_topk": 2.3303097169846296,
      "variant": "global_union_cap1024",
      "variant_type": "static_cluster_union_capped"
    },
    {
      "active_cap": 1536,
      "aggregation": "mean",
      "avg_active_fraction": 0.3087972005208333,
      "avg_active_neurons": 1264.8333333333333,
      "calibration_avg_cluster_imbalance": 2.4947916666666665,
      "calibration_avg_nonempty_clusters": 16.0,
      "calibration_tokens": 8192,
      "candidate_m": 1024,
      "cluster_count": 16,
      "final_hidden_cosine": 0.9998505711555481,
      "kl_to_dense": 0.20059592416509986,
      "nll_per_token": 3.2386789470911026,
      "rank": 64,
      "reference_k": 64,
      "score_mode": "sum",
      "union_recall": 0.9487497409184774,
      "union_score_ratio_vs_reference_topk": 2.5235870269437632,
      "variant": "global_union_cap1536",
      "variant_type": "static_cluster_union_capped"
    },
    {
      "active_cap": 2048,
      "aggregation": "mean",
      "avg_active_fraction": 0.3504638671875,
      "avg_active_neurons": 1435.5,
      "calibration_avg_cluster_imbalance": 2.4947916666666665,
      "calibration_avg_nonempty_clusters": 16.0,
      "calibration_tokens": 8192,
      "candidate_m": 1024,
      "cluster_count": 16,
      "final_hidden_cosine": 0.9999304953962564,
      "kl_to_dense": 0.08064524526707828,
      "nll_per_token": 3.145939454436302,
      "rank": 64,
      "reference_k": 64,
      "score_mode": "sum",
      "union_recall": 0.9721928040186564,
      "union_score_ratio_vs_reference_topk": 2.65937406818072,
      "variant": "global_union_cap2048",
      "variant_type": "static_cluster_union_capped"
    },
    {
      "active_cap": 2560,
      "aggregation": "mean",
      "avg_active_fraction": 0.3921305338541667,
      "avg_active_neurons": 1606.1666666666667,
      "calibration_avg_cluster_imbalance": 2.4947916666666665,
      "calibration_avg_nonempty_clusters": 16.0,
      "calibration_tokens": 8192,
      "candidate_m": 1024,
      "cluster_count": 16,
      "final_hidden_cosine": 0.9999690800905228,
      "kl_to_dense": 0.030335519113577902,
      "nll_per_token": 3.112254060804844,
      "rank": 64,
      "reference_k": 64,
      "score_mode": "sum",
      "union_recall": 0.9857649008433024,
      "union_score_ratio_vs_reference_topk": 2.7729464111228785,
      "variant": "global_union_cap2560",
      "variant_type": "static_cluster_union_capped"
    }
  ],
  "score_mode": "sum",
  "temperature": 2.0,
  "union_caps": [
    512,
    768,
    1024,
    1536,
    2048,
    2560
  ],
  "union_layer_caps": []
}
