Warning: You are sending unauthenticated requests to the HF Hub. Please set a HF_TOKEN to enable higher rate limits and faster downloads.
{
  "aggregation": "mean",
  "attention": "dense",
  "calibration_tokens": 8192,
  "candidate_m": 192,
  "checkpoint": "runs/blackwell_20260519_190504/checkpoints/dense_d256_h2048_l6_step1000.pt",
  "cluster_iters": 4,
  "clusters": 16,
  "eval_batches": 16,
  "eval_tokens": 65536,
  "mode": "static_cluster_pool_union_eval",
  "notes": "global_union uses the unique union of all static cluster-pool candidate ids per layer",
  "rank": 64,
  "reference_k": 64,
  "requested_eval_tokens": 65536,
  "rows": [
    {
      "calibration_avg_cluster_imbalance": 2.6136067708333335,
      "calibration_avg_nonempty_clusters": 16.0,
      "final_hidden_cosine": 1.0,
      "kl_to_dense": 0.0,
      "nll_per_token": 2.8680245131254196,
      "variant": "dense",
      "variant_type": "dense"
    },
    {
      "aggregation": "mean",
      "avg_candidate_size": 192.0,
      "avg_cluster_imbalance": 3.1524251302083335,
      "avg_empty_clusters": 0.0,
      "avg_max_cluster_size": 807.0208333333334,
      "avg_mean_cluster_size": 256.0,
      "avg_min_cluster_size": 35.479166666666664,
      "avg_nonempty_clusters": 16.0,
      "calibration_avg_cluster_imbalance": 2.6136067708333335,
      "calibration_avg_nonempty_clusters": 16.0,
      "calibration_tokens": 8192,
      "candidate_m": 192,
      "candidate_recall": 0.7738155523935953,
      "cluster_count": 16,
      "estimated_cluster_ffn_flop_ratio": 0.09375,
      "final_hidden_cosine": 0.9977269470691681,
      "kl_to_dense": 0.8610593564808369,
      "nll_per_token": 3.926589459180832,
      "rank": 64,
      "reference_k": 64,
      "score_mode": "sum",
      "score_retention_vs_reference_topk": 1.2310801794131596,
      "variant": "static_cluster",
      "variant_type": "static_svd_cluster_pool"
    },
    {
      "aggregation": "mean",
      "avg_active_fraction": 0.2953287760416667,
      "avg_active_neurons": 604.8333333333334,
      "calibration_avg_cluster_imbalance": 2.6136067708333335,
      "calibration_avg_nonempty_clusters": 16.0,
      "calibration_tokens": 8192,
      "candidate_m": 192,
      "cluster_count": 16,
      "final_hidden_cosine": 0.9994749799370766,
      "kl_to_dense": 0.15999760292470455,
      "nll_per_token": 3.021338015794754,
      "rank": 64,
      "reference_k": 64,
      "score_mode": "sum",
      "union_recall": 0.9115656614303589,
      "union_score_ratio_vs_reference_topk": 1.8273736350238323,
      "variant": "global_union",
      "variant_type": "static_cluster_union"
    },
    {
      "active_cap": 160,
      "aggregation": "mean",
      "avg_active_fraction": 0.078125,
      "avg_active_neurons": 160.0,
      "calibration_avg_cluster_imbalance": 2.6136067708333335,
      "calibration_avg_nonempty_clusters": 16.0,
      "calibration_tokens": 8192,
      "candidate_m": 192,
      "cluster_count": 16,
      "final_hidden_cosine": 0.991075623780489,
      "kl_to_dense": 2.7711987048387527,
      "nll_per_token": 6.22857990860939,
      "rank": 64,
      "reference_k": 64,
      "score_mode": "sum",
      "union_recall": 0.6806697448094686,
      "union_score_ratio_vs_reference_topk": 1.048387854360044,
      "variant": "global_union_cap160",
      "variant_type": "static_cluster_union_capped"
    },
    {
      "active_cap": 192,
      "aggregation": "mean",
      "avg_active_fraction": 0.09375,
      "avg_active_neurons": 192.0,
      "calibration_avg_cluster_imbalance": 2.6136067708333335,
      "calibration_avg_nonempty_clusters": 16.0,
      "calibration_tokens": 8192,
      "candidate_m": 192,
      "cluster_count": 16,
      "final_hidden_cosine": 0.9941397681832314,
      "kl_to_dense": 2.1985009759664536,
      "nll_per_token": 5.642492085695267,
      "rank": 64,
      "reference_k": 64,
      "score_mode": "sum",
      "union_recall": 0.7017842531204224,
      "union_score_ratio_vs_reference_topk": 1.1299620363861322,
      "variant": "global_union_cap192",
      "variant_type": "static_cluster_union_capped"
    },
    {
      "active_cap": 224,
      "aggregation": "mean",
      "avg_active_fraction": 0.109375,
      "avg_active_neurons": 224.0,
      "calibration_avg_cluster_imbalance": 2.6136067708333335,
      "calibration_avg_nonempty_clusters": 16.0,
      "calibration_tokens": 8192,
      "candidate_m": 192,
      "cluster_count": 16,
      "final_hidden_cosine": 0.9951369576156139,
      "kl_to_dense": 1.8630939424037933,
      "nll_per_token": 5.2708760201931,
      "rank": 64,
      "reference_k": 64,
      "score_mode": "sum",
      "union_recall": 0.7199886639912924,
      "union_score_ratio_vs_reference_topk": 1.1933942611018817,
      "variant": "global_union_cap224",
      "variant_type": "static_cluster_union_capped"
    },
    {
      "active_cap": 256,
      "aggregation": "mean",
      "avg_active_fraction": 0.125,
      "avg_active_neurons": 256.0,
      "calibration_avg_cluster_imbalance": 2.6136067708333335,
      "calibration_avg_nonempty_clusters": 16.0,
      "calibration_tokens": 8192,
      "candidate_m": 192,
      "cluster_count": 16,
      "final_hidden_cosine": 0.9956882484257221,
      "kl_to_dense": 1.6300361081957817,
      "nll_per_token": 5.003276854753494,
      "rank": 64,
      "reference_k": 64,
      "score_mode": "sum",
      "union_recall": 0.7315504550933838,
      "union_score_ratio_vs_reference_topk": 1.2493767098834117,
      "variant": "global_union_cap256",
      "variant_type": "static_cluster_union_capped"
    },
    {
      "active_cap": 320,
      "aggregation": "mean",
      "avg_active_fraction": 0.15315755208333334,
      "avg_active_neurons": 313.6666666666667,
      "calibration_avg_cluster_imbalance": 2.6136067708333335,
      "calibration_avg_nonempty_clusters": 16.0,
      "calibration_tokens": 8192,
      "candidate_m": 192,
      "cluster_count": 16,
      "final_hidden_cosine": 0.9963146038353443,
      "kl_to_dense": 1.3329354375600815,
      "nll_per_token": 4.551087826490402,
      "rank": 64,
      "reference_k": 64,
      "score_mode": "sum",
      "union_recall": 0.7619733413060507,
      "union_score_ratio_vs_reference_topk": 1.3506738413125277,
      "variant": "global_union_cap320",
      "variant_type": "static_cluster_union_capped"
    },
    {
      "active_cap": 384,
      "aggregation": "mean",
      "avg_active_fraction": 0.17252604166666666,
      "avg_active_neurons": 353.3333333333333,
      "calibration_avg_cluster_imbalance": 2.6136067708333335,
      "calibration_avg_nonempty_clusters": 16.0,
      "calibration_tokens": 8192,
      "candidate_m": 192,
      "cluster_count": 16,
      "final_hidden_cosine": 0.9969813339412212,
      "kl_to_dense": 1.0848043039441109,
      "nll_per_token": 4.195948898792267,
      "rank": 64,
      "reference_k": 64,
      "score_mode": "sum",
      "union_recall": 0.7847108443578085,
      "union_score_ratio_vs_reference_topk": 1.4233691909660895,
      "variant": "global_union_cap384",
      "variant_type": "static_cluster_union_capped"
    },
    {
      "active_cap": 512,
      "aggregation": "mean",
      "avg_active_fraction": 0.20377604166666666,
      "avg_active_neurons": 417.3333333333333,
      "calibration_avg_cluster_imbalance": 2.6136067708333335,
      "calibration_avg_nonempty_clusters": 16.0,
      "calibration_tokens": 8192,
      "candidate_m": 192,
      "cluster_count": 16,
      "final_hidden_cosine": 0.9980758689343929,
      "kl_to_dense": 0.6671140380203724,
      "nll_per_token": 3.62263622879982,
      "rank": 64,
      "reference_k": 64,
      "score_mode": "sum",
      "union_recall": 0.8234284321467081,
      "union_score_ratio_vs_reference_topk": 1.5385306999087334,
      "variant": "global_union_cap512",
      "variant_type": "static_cluster_union_capped"
    },
    {
      "active_cap": 768,
      "aggregation": "mean",
      "avg_active_fraction": 0.2567545572916667,
      "avg_active_neurons": 525.8333333333334,
      "calibration_avg_cluster_imbalance": 2.6136067708333335,
      "calibration_avg_nonempty_clusters": 16.0,
      "calibration_tokens": 8192,
      "candidate_m": 192,
      "cluster_count": 16,
      "final_hidden_cosine": 0.9989191591739655,
      "kl_to_dense": 0.3281484190374613,
      "nll_per_token": 3.1852610111236572,
      "rank": 64,
      "reference_k": 64,
      "score_mode": "sum",
      "union_recall": 0.8751147190729777,
      "union_score_ratio_vs_reference_topk": 1.7103246537347634,
      "variant": "global_union_cap768",
      "variant_type": "static_cluster_union_capped"
    }
  ],
  "score_mode": "sum",
  "temperature": 2.0,
  "union_caps": [
    160,
    192,
    224,
    256,
    320,
    384,
    512,
    768
  ],
  "union_layer_caps": []
}
